AccessibleComputing Anarchism anarchist_economics	
coercion	
self-defense	
anarchist_law	
archon	
George_Woodcock	
Daniel_Guérin	
social_anarchism	
Online_etymology_dictionary	
Anarchism	political_philosophy	stateless_society	self-governance	Hierarchy	Free_association_(communism_and_anarchism)	Peter_Kropotkin	An_Anarchist_FAQ	state_(polity)	The_Globe_and_Mail	Routledge_Encyclopedia_of_Philosophy	authority	hierarchical_organization	International_of_Anarchist_Federations	Emma_Goldman	Anarchism_and_Other_Essays	Benjamin_Tucker	George_Woodcock	Mikhail_Bakunin	Anarchist_schools_of_thought	individualism	social_anarchism	individualist_anarchism	Geoffrey_Ostergaard	The_New_York_Times	anarchist_economics	anarchist_law	Libertarian_socialism	anarcho-communism	collectivist_anarchism	anarcho-syndicalism	Mutualism_(economic_theory)	participatory_economics	social_movement	Anarchist_communism	anarcho-syndicalism	individualist_anarchism	Alexandre_Skirda	anarcho-communist	anarcho-syndicalist	Confederación_Nacional_del_Trabajo	Federico_Urales	Miguel_Gimenez_Igualada	Confederación_Nacional_del_Trabajo	Iberian_Anarchist_Federation	Synthesis_anarchism	Fédération_Anarchiste	Fédération_Anarchiste	Charles-Auguste_Bontemps	Italian_Anarchist_Federation	non-aggression_principle	self-defense	non-violence	anarcho-pacifism	George_Woodcock	coercion	propaganda_of_the_deed	wikt:anarchism	-ism	Online_etymology_dictionary	Merriam-Webster	Online_etymology_dictionary	privative	privative_alpha	archon	infinitive	Online_etymology_dictionary	Maximilien_de_Robespierre	William_Godwin	Wilhelm_Weitling	Pierre-Joseph_Proudhon	Daniel_Guérin	Foundation_for_Economic_Education	
privative	
Italian_Anarchist_Federation	
Mikhail_Bakunin	
Merriam-Webster	
stateless_society	
Iberian_Anarchist_Federation	
Peter_Kropotkin	
Benjamin_Tucker	
Synthesis_anarchism	
Fédération_Anarchiste	
non-violence	
Computer_accessibility	
privative_alpha	
William_Godwin	
individualism	
Foundation_for_Economic_Education	
state_(polity)	
Libertarian_socialism	
Geoffrey_Ostergaard	
Anarchism_and_Other_Essays	
Routledge_Encyclopedia_of_Philosophy	
User_talk:76.28.186.133	
Federico_Urales	
AccessibleComputing	Help:Reverting	Special:Contributions/76.28.186.133	User_talk:76.28.186.133	Computer_accessibility	
individualist_anarchism	
political_philosophy	
hierarchical_organization	
wikt:anarchism	
anarcho-pacifism	
Maximilien_de_Robespierre	
propaganda_of_the_deed	
anarcho-communist	
social_movement	
Hierarchy	
The_New_York_Times	
collectivist_anarchism	
authority	
participatory_economics	
anarcho-communism	
Confederación_Nacional_del_Trabajo	
-ism	
International_of_Anarchist_Federations	
Emma_Goldman	
Miguel_Gimenez_Igualada	
Anarchist_communism	
non-aggression_principle	
Anarchist_schools_of_thought	
Mutualism_(economic_theory)	
infinitive	
Wilhelm_Weitling	
Alexandre_Skirda	
Charles-Auguste_Bontemps	
anarcho-syndicalist	
An_Anarchist_FAQ	
self-governance	
The_Globe_and_Mail	
Free_association_(communism_and_anarchism)	
Pierre-Joseph_Proudhon	
anarcho-syndicalism	
Special:Contributions/76.28.186.133	
Help:Reverting	
