-ism	0.0021126760563380284
AccessibleComputing	0.009295774647887325
Alexandre_Skirda	0.0021126760563380284
An_Anarchist_FAQ	0.0021126760563380284
Anarchism	0.11883802816901397
Anarchism_and_Other_Essays	0.0021126760563380284
Anarchist_communism	0.0021126760563380284
Anarchist_schools_of_thought	0.0021126760563380284
Benjamin_Tucker	0.0021126760563380284
Charles-Auguste_Bontemps	0.0021126760563380284
Computer_accessibility	0.0021126760563380284
Confederación_Nacional_del_Trabajo	0.0021126760563380284
Daniel_Guérin	0.0021126760563380284
Emma_Goldman	0.0021126760563380284
Federico_Urales	0.0021126760563380284
Foundation_for_Economic_Education	0.0021126760563380284
Free_association_(communism_and_anarchism)	0.0021126760563380284
Fédération_Anarchiste	0.0021126760563380284
Geoffrey_Ostergaard	0.0021126760563380284
George_Woodcock	0.0021126760563380284
Help:Reverting	0.0021126760563380284
Hierarchy	0.0021126760563380284
Iberian_Anarchist_Federation	0.0021126760563380284
International_of_Anarchist_Federations	0.0021126760563380284
Italian_Anarchist_Federation	0.0021126760563380284
Libertarian_socialism	0.0021126760563380284
Maximilien_de_Robespierre	0.0021126760563380284
Merriam-Webster	0.0021126760563380284
Miguel_Gimenez_Igualada	0.0021126760563380284
Mikhail_Bakunin	0.0021126760563380284
Mutualism_(economic_theory)	0.0021126760563380284
Online_etymology_dictionary	0.0021126760563380284
Peter_Kropotkin	0.0021126760563380284
Pierre-Joseph_Proudhon	0.0021126760563380284
Routledge_Encyclopedia_of_Philosophy	0.0021126760563380284
Special:Contributions/76.28.186.133	0.0021126760563380284
Synthesis_anarchism	0.0021126760563380284
The_Globe_and_Mail	0.0021126760563380284
The_New_York_Times	0.0021126760563380284
User_talk:76.28.186.133	0.0021126760563380284
Wilhelm_Weitling	0.0021126760563380284
William_Godwin	0.0021126760563380284
anarchist_economics	0.0021126760563380284
anarchist_law	0.0021126760563380284
anarcho-communism	0.0021126760563380284
anarcho-communist	0.0021126760563380284
anarcho-pacifism	0.0021126760563380284
anarcho-syndicalism	0.0021126760563380284
anarcho-syndicalist	0.0021126760563380284
archon	0.0021126760563380284
authority	0.0021126760563380284
coercion	0.0021126760563380284
collectivist_anarchism	0.0021126760563380284
hierarchical_organization	0.0021126760563380284
individualism	0.0021126760563380284
individualist_anarchism	0.0021126760563380284
infinitive	0.0021126760563380284
non-aggression_principle	0.0021126760563380284
non-violence	0.0021126760563380284
participatory_economics	0.0021126760563380284
political_philosophy	0.0021126760563380284
privative	0.0021126760563380284
privative_alpha	0.0021126760563380284
propaganda_of_the_deed	0.0021126760563380284
self-defense	0.0021126760563380284
self-governance	0.0021126760563380284
social_anarchism	0.0021126760563380284
social_movement	0.0021126760563380284
state_(polity)	0.0021126760563380284
stateless_society	0.0021126760563380284
wikt:anarchism	0.0021126760563380284
