2014-01-27 21:39:18,843 INFO org.apache.hadoop.mapred.TaskTracker: STARTUP_MSG: 
/************************************************************
STARTUP_MSG: Starting TaskTracker
STARTUP_MSG:   host = c11node28/10.244.34.7
STARTUP_MSG:   args = []
STARTUP_MSG:   version = 1.0.3
STARTUP_MSG:   build = https://svn.apache.org/repos/asf/hadoop/common/branches/branch-1.0 -r 1335192; compiled by 'hortonfo' on Tue May  8 20:31:25 UTC 2012
************************************************************/
2014-01-27 21:39:19,019 INFO org.apache.hadoop.metrics2.impl.MetricsConfig: loaded properties from hadoop-metrics2.properties
2014-01-27 21:39:19,083 INFO org.apache.hadoop.metrics2.impl.MetricsSourceAdapter: MBean for source MetricsSystem,sub=Stats registered.
2014-01-27 21:39:19,084 INFO org.apache.hadoop.metrics2.impl.MetricsSystemImpl: Scheduled snapshot period at 10 second(s).
2014-01-27 21:39:19,084 INFO org.apache.hadoop.metrics2.impl.MetricsSystemImpl: TaskTracker metrics system started
2014-01-27 21:39:19,266 INFO org.apache.hadoop.metrics2.impl.MetricsSourceAdapter: MBean for source ugi registered.
2014-01-27 21:39:19,349 ERROR org.apache.hadoop.mapred.TaskTracker: Can not start task tracker because java.lang.IllegalArgumentException: Does not contain a valid host:port authority: local
	at org.apache.hadoop.net.NetUtils.createSocketAddr(NetUtils.java:162)
	at org.apache.hadoop.net.NetUtils.createSocketAddr(NetUtils.java:128)
	at org.apache.hadoop.mapred.JobTracker.getAddress(JobTracker.java:2560)
	at org.apache.hadoop.mapred.TaskTracker.<init>(TaskTracker.java:1426)
	at org.apache.hadoop.mapred.TaskTracker.main(TaskTracker.java:3742)

2014-01-27 21:39:19,351 INFO org.apache.hadoop.mapred.TaskTracker: SHUTDOWN_MSG: 
/************************************************************
SHUTDOWN_MSG: Shutting down TaskTracker at c11node28/10.244.34.7
************************************************************/
