2014-01-27 21:39:15,068 INFO org.apache.hadoop.hdfs.server.datanode.DataNode: STARTUP_MSG: 
/************************************************************
STARTUP_MSG: Starting DataNode
STARTUP_MSG:   host = c11node28/10.244.34.7
STARTUP_MSG:   args = []
STARTUP_MSG:   version = 1.0.3
STARTUP_MSG:   build = https://svn.apache.org/repos/asf/hadoop/common/branches/branch-1.0 -r 1335192; compiled by 'hortonfo' on Tue May  8 20:31:25 UTC 2012
************************************************************/
2014-01-27 21:39:15,222 INFO org.apache.hadoop.metrics2.impl.MetricsConfig: loaded properties from hadoop-metrics2.properties
2014-01-27 21:39:15,236 INFO org.apache.hadoop.metrics2.impl.MetricsSourceAdapter: MBean for source MetricsSystem,sub=Stats registered.
2014-01-27 21:39:15,237 INFO org.apache.hadoop.metrics2.impl.MetricsSystemImpl: Scheduled snapshot period at 10 second(s).
2014-01-27 21:39:15,237 INFO org.apache.hadoop.metrics2.impl.MetricsSystemImpl: DataNode metrics system started
2014-01-27 21:39:15,321 INFO org.apache.hadoop.metrics2.impl.MetricsSourceAdapter: MBean for source ugi registered.
2014-01-27 21:39:15,443 ERROR org.apache.hadoop.hdfs.server.datanode.DataNode: java.lang.IllegalArgumentException: Does not contain a valid host:port authority: file:///
	at org.apache.hadoop.net.NetUtils.createSocketAddr(NetUtils.java:162)
	at org.apache.hadoop.hdfs.server.namenode.NameNode.getAddress(NameNode.java:198)
	at org.apache.hadoop.hdfs.server.namenode.NameNode.getAddress(NameNode.java:228)
	at org.apache.hadoop.hdfs.server.namenode.NameNode.getServiceAddress(NameNode.java:222)
	at org.apache.hadoop.hdfs.server.datanode.DataNode.startDataNode(DataNode.java:337)
	at org.apache.hadoop.hdfs.server.datanode.DataNode.<init>(DataNode.java:299)
	at org.apache.hadoop.hdfs.server.datanode.DataNode.makeInstance(DataNode.java:1582)
	at org.apache.hadoop.hdfs.server.datanode.DataNode.instantiateDataNode(DataNode.java:1521)
	at org.apache.hadoop.hdfs.server.datanode.DataNode.createDataNode(DataNode.java:1539)
	at org.apache.hadoop.hdfs.server.datanode.DataNode.secureMain(DataNode.java:1665)
	at org.apache.hadoop.hdfs.server.datanode.DataNode.main(DataNode.java:1682)

2014-01-27 21:39:15,446 INFO org.apache.hadoop.hdfs.server.datanode.DataNode: SHUTDOWN_MSG: 
/************************************************************
SHUTDOWN_MSG: Shutting down DataNode at c11node28/10.244.34.7
************************************************************/
