2014-01-27 21:39:13,646 INFO org.apache.hadoop.hdfs.server.namenode.NameNode: STARTUP_MSG: 
/************************************************************
STARTUP_MSG: Starting NameNode
STARTUP_MSG:   host = c11node28/10.244.34.7
STARTUP_MSG:   args = []
STARTUP_MSG:   version = 1.0.3
STARTUP_MSG:   build = https://svn.apache.org/repos/asf/hadoop/common/branches/branch-1.0 -r 1335192; compiled by 'hortonfo' on Tue May  8 20:31:25 UTC 2012
************************************************************/
2014-01-27 21:39:13,792 INFO org.apache.hadoop.metrics2.impl.MetricsConfig: loaded properties from hadoop-metrics2.properties
2014-01-27 21:39:13,803 INFO org.apache.hadoop.metrics2.impl.MetricsSourceAdapter: MBean for source MetricsSystem,sub=Stats registered.
2014-01-27 21:39:13,804 INFO org.apache.hadoop.metrics2.impl.MetricsSystemImpl: Scheduled snapshot period at 10 second(s).
2014-01-27 21:39:13,804 INFO org.apache.hadoop.metrics2.impl.MetricsSystemImpl: NameNode metrics system started
2014-01-27 21:39:13,811 ERROR org.apache.hadoop.hdfs.server.namenode.NameNode: java.lang.IllegalArgumentException: Does not contain a valid host:port authority: file:///
	at org.apache.hadoop.net.NetUtils.createSocketAddr(NetUtils.java:162)
	at org.apache.hadoop.hdfs.server.namenode.NameNode.getAddress(NameNode.java:198)
	at org.apache.hadoop.hdfs.server.namenode.NameNode.getAddress(NameNode.java:228)
	at org.apache.hadoop.hdfs.server.namenode.NameNode.initialize(NameNode.java:262)
	at org.apache.hadoop.hdfs.server.namenode.NameNode.<init>(NameNode.java:496)
	at org.apache.hadoop.hdfs.server.namenode.NameNode.createNameNode(NameNode.java:1279)
	at org.apache.hadoop.hdfs.server.namenode.NameNode.main(NameNode.java:1288)

2014-01-27 21:39:13,812 INFO org.apache.hadoop.hdfs.server.namenode.NameNode: SHUTDOWN_MSG: 
/************************************************************
SHUTDOWN_MSG: Shutting down NameNode at c11node28/10.244.34.7
************************************************************/
