2014-01-27 21:39:17,619 INFO org.apache.hadoop.mapred.JobTracker: STARTUP_MSG: 
/************************************************************
STARTUP_MSG: Starting JobTracker
STARTUP_MSG:   host = c11node28/10.244.34.7
STARTUP_MSG:   args = []
STARTUP_MSG:   version = 1.0.3
STARTUP_MSG:   build = https://svn.apache.org/repos/asf/hadoop/common/branches/branch-1.0 -r 1335192; compiled by 'hortonfo' on Tue May  8 20:31:25 UTC 2012
************************************************************/
2014-01-27 21:39:17,743 INFO org.apache.hadoop.metrics2.impl.MetricsConfig: loaded properties from hadoop-metrics2.properties
2014-01-27 21:39:17,754 INFO org.apache.hadoop.metrics2.impl.MetricsSourceAdapter: MBean for source MetricsSystem,sub=Stats registered.
2014-01-27 21:39:17,755 INFO org.apache.hadoop.metrics2.impl.MetricsSystemImpl: Scheduled snapshot period at 10 second(s).
2014-01-27 21:39:17,755 INFO org.apache.hadoop.metrics2.impl.MetricsSystemImpl: JobTracker metrics system started
2014-01-27 21:39:17,857 INFO org.apache.hadoop.metrics2.impl.MetricsSourceAdapter: MBean for source QueueMetrics,q=default registered.
2014-01-27 21:39:18,044 FATAL org.apache.hadoop.mapred.JobTracker: java.lang.IllegalArgumentException: Does not contain a valid host:port authority: local
	at org.apache.hadoop.net.NetUtils.createSocketAddr(NetUtils.java:162)
	at org.apache.hadoop.net.NetUtils.createSocketAddr(NetUtils.java:128)
	at org.apache.hadoop.mapred.JobTracker.getAddress(JobTracker.java:2560)
	at org.apache.hadoop.mapred.JobTracker.<init>(JobTracker.java:2200)
	at org.apache.hadoop.mapred.JobTracker.<init>(JobTracker.java:2192)
	at org.apache.hadoop.mapred.JobTracker.<init>(JobTracker.java:2186)
	at org.apache.hadoop.mapred.JobTracker.startTracker(JobTracker.java:300)
	at org.apache.hadoop.mapred.JobTracker.startTracker(JobTracker.java:291)
	at org.apache.hadoop.mapred.JobTracker.main(JobTracker.java:4978)

2014-01-27 21:39:18,045 INFO org.apache.hadoop.mapred.JobTracker: SHUTDOWN_MSG: 
/************************************************************
SHUTDOWN_MSG: Shutting down JobTracker at c11node28/10.244.34.7
************************************************************/
