16_0.0625	0.7536490147002182
AssistiveTechnology	0.0625
AsWeMayThink	0.0625
AccessibleComputing	0.0625
AfghanistanCommunications	0.0625
AfghanistanGeography	0.0625
AfghanistanHistory	0.0625
AfghanistanMilitary	0.0625
AfghanistanPeople	0.0625
AfghanistanTransnationalIssues	0.0625
AfghanistanTransportations	0.0625
AlbaniaGovernment	0.0625
AlbaniaHistory	0.0625
AlbaniaPeople	0.0625
AmoeboidTaxa	0.0625
16_0.7533481925490032	0.009899014700218211
Autism	0.009399868914430353
16_0.009537960122699389	0.009399868914430353
Anarchism	0.009384092911068434
16_0.009435232426303857	0.009384092911068434
