AfghanistanHistory	0.859375
Politics_of_Albania	0.859375
AfghanistanMilitary	0.859375
AfghanistanPeople	0.859375
AfghanistanTransnationalIssues	0.859375
AfghanistanTransportations	0.859375
AlbaniaGovernment	0.859375
AlbaniaHistory	0.859375
AlbaniaPeople	0.859375
Amoeboid	0.859375
AmoeboidTaxa	0.859375
AsWeMayThink	0.859375
As_We_May_Think	0.859375
AssistiveTechnology	0.859375
Assistive_technology	0.859375
Communications_in_Afghanistan	0.859375
Computer_accessibility	0.859375
Demographics_of_Albania	0.859375
Demography_of_Afghanistan	0.859375
AccessibleComputing	0.859375
Foreign_relations_of_Afghanistan	0.859375
Geography_of_Afghanistan	0.859375
Afghan_Armed_Forces	0.859375
AfghanistanCommunications	0.859375
History_of_Afghanistan	0.859375
History_of_Albania	0.859375
AfghanistanGeography	0.859375
Transport_in_Afghanistan	0.859375
Asperger_syndrome	0.017197085889570553
childhood_disintegrative_disorder	0.017197085889570553
Leo_Kanner	0.017197085889570553
An_Anarchist_FAQ	0.017084750566893424
Peter_Kropotkin	0.016121031746031748
Emma_Goldman	0.016121031746031748
Confederación_Nacional_del_Trabajo	0.016121031746031748
Pierre-Joseph_Proudhon	0.016121031746031748
Spanish_Civil_War	0.015157312925170068
Mikhail_Bakunin	0.015157312925170068
George_Woodcock	0.015157312925170068
libcom.org	0.015157312925170068
vaccine	0.01458972392638037
Down_syndrome	0.01458972392638037
Hans_Asperger	0.01458972392638037
Heritability_of_autism	0.01458972392638037
IQ	0.01458972392638037
Isabelle_Rapin	0.01458972392638037
Mendelian	0.01458972392638037
PDD-NOS	0.01458972392638037
Paul_Ashwood	0.01458972392638037
Rett_syndrome	0.01458972392638037
Simon_Baron-Cohen	0.01458972392638037
Sociological_and_cultural_aspects_of_autism	0.01458972392638037
autism_spectrum	0.01458972392638037
babbling	0.01458972392638037
chromosome_abnormality	0.01458972392638037
echolalia	0.01458972392638037
intellectual_disability	0.01458972392638037
mutation	0.01458972392638037
pervasive_developmental_disorder	0.01458972392638037
pesticide	0.01458972392638037
phenotype	0.01458972392638037
prevalence	0.01458972392638037
schizophrenia	0.01458972392638037
synapse	0.01458972392638037
Max_Stirner	0.014193594104308392
individualist_anarchism	0.014193594104308392
Fédération_Anarchiste	0.014193594104308392
International_of_Anarchist_Federations	0.014193594104308392
Josiah_Warren	0.014193594104308392
Murray_Bookchin	0.014193594104308392
William_Godwin	0.014193594104308392
Nestor_Makhno	0.013229875283446713
Barcelona	0.013229875283446713
Political_Justice	0.013229875283446713
state_(polity)	0.013229875283446713
free_love	0.013229875283446713
individualism	0.013229875283446713
Synthesis_anarchism	0.013229875283446713
Insurrectionary_anarchism	0.013229875283446713
anarcho-syndicalism	0.013229875283446713
AK_Press	0.013229875283446713
